1538371570.133933 client started (11492): version 2.6, socket /tmp/tmux-1000/default, protocol 8
1538371570.133963 on Linux 4.15.0-34-generic #37-Ubuntu SMP Mon Aug 27 15:21:48 UTC 2018; libevent 2.1.8-stable (poll)
1538371570.133983 socket is /tmp/tmux-1000/default
1538371570.133994 trying connect
1538371570.134057 add peer 0x562535cd2830: 6 ((nil))
1538371570.134113 sending message 100 to peer 0x562535cd2830 (4 bytes)
1538371570.134121 sending message 101 to peer 0x562535cd2830 (16 bytes)
1538371570.134126 sending message 102 to peer 0x562535cd2830 (11 bytes)
1538371570.134130 sending message 108 to peer 0x562535cd2830 (31 bytes)
1538371570.134136 sending message 104 to peer 0x562535cd2830 (0 bytes)
1538371570.134142 sending message 107 to peer 0x562535cd2830 (4 bytes)
1538371570.134146 sending message 105 to peer 0x562535cd2830 (22 bytes)
1538371570.134151 sending message 105 to peer 0x562535cd2830 (1516 bytes)
1538371570.134165 sending message 105 to peer 0x562535cd2830 (223 bytes)
1538371570.134170 sending message 105 to peer 0x562535cd2830 (27 bytes)
1538371570.134175 sending message 105 to peer 0x562535cd2830 (54 bytes)
1538371570.134179 sending message 105 to peer 0x562535cd2830 (34 bytes)
1538371570.134184 sending message 105 to peer 0x562535cd2830 (21 bytes)
1538371570.134188 sending message 105 to peer 0x562535cd2830 (24 bytes)
1538371570.134192 sending message 105 to peer 0x562535cd2830 (23 bytes)
1538371570.134196 sending message 105 to peer 0x562535cd2830 (17 bytes)
1538371570.134200 sending message 105 to peer 0x562535cd2830 (23 bytes)
1538371570.134205 sending message 105 to peer 0x562535cd2830 (23 bytes)
1538371570.134209 sending message 105 to peer 0x562535cd2830 (32 bytes)
1538371570.134213 sending message 105 to peer 0x562535cd2830 (31 bytes)
1538371570.134217 sending message 105 to peer 0x562535cd2830 (20 bytes)
1538371570.134222 sending message 105 to peer 0x562535cd2830 (70 bytes)
1538371570.134226 sending message 105 to peer 0x562535cd2830 (17 bytes)
1538371570.134230 sending message 105 to peer 0x562535cd2830 (11 bytes)
1538371570.134235 sending message 105 to peer 0x562535cd2830 (54 bytes)
1538371570.134239 sending message 105 to peer 0x562535cd2830 (20 bytes)
1538371570.134243 sending message 105 to peer 0x562535cd2830 (17 bytes)
1538371570.134247 sending message 105 to peer 0x562535cd2830 (13 bytes)
1538371570.134252 sending message 105 to peer 0x562535cd2830 (23 bytes)
1538371570.134256 sending message 105 to peer 0x562535cd2830 (18 bytes)
1538371570.134260 sending message 105 to peer 0x562535cd2830 (33 bytes)
1538371570.134264 sending message 105 to peer 0x562535cd2830 (86 bytes)
1538371570.134269 sending message 105 to peer 0x562535cd2830 (51 bytes)
1538371570.134274 sending message 105 to peer 0x562535cd2830 (33 bytes)
1538371570.134278 sending message 105 to peer 0x562535cd2830 (35 bytes)
1538371570.134282 sending message 105 to peer 0x562535cd2830 (19 bytes)
1538371570.134289 sending message 105 to peer 0x562535cd2830 (21 bytes)
1538371570.134295 sending message 105 to peer 0x562535cd2830 (26 bytes)
1538371570.134302 sending message 105 to peer 0x562535cd2830 (19 bytes)
1538371570.134309 sending message 105 to peer 0x562535cd2830 (36 bytes)
1538371570.134316 sending message 105 to peer 0x562535cd2830 (21 bytes)
1538371570.134323 sending message 105 to peer 0x562535cd2830 (41 bytes)
1538371570.134330 sending message 105 to peer 0x562535cd2830 (83 bytes)
1538371570.134337 sending message 105 to peer 0x562535cd2830 (39 bytes)
1538371570.134344 sending message 105 to peer 0x562535cd2830 (27 bytes)
1538371570.134352 sending message 105 to peer 0x562535cd2830 (23 bytes)
1538371570.134359 sending message 105 to peer 0x562535cd2830 (23 bytes)
1538371570.134366 sending message 105 to peer 0x562535cd2830 (35 bytes)
1538371570.134373 sending message 105 to peer 0x562535cd2830 (28 bytes)
1538371570.134379 sending message 105 to peer 0x562535cd2830 (35 bytes)
1538371570.134386 sending message 105 to peer 0x562535cd2830 (13 bytes)
1538371570.134393 sending message 105 to peer 0x562535cd2830 (17 bytes)
1538371570.134410 sending message 105 to peer 0x562535cd2830 (21 bytes)
1538371570.134418 sending message 105 to peer 0x562535cd2830 (16 bytes)
1538371570.134426 sending message 105 to peer 0x562535cd2830 (18 bytes)
1538371570.134442 sending message 105 to peer 0x562535cd2830 (20 bytes)
1538371570.134451 sending message 105 to peer 0x562535cd2830 (18 bytes)
1538371570.134459 sending message 105 to peer 0x562535cd2830 (33 bytes)
1538371570.134466 sending message 105 to peer 0x562535cd2830 (52 bytes)
1538371570.134472 sending message 105 to peer 0x562535cd2830 (29 bytes)
1538371570.134479 sending message 105 to peer 0x562535cd2830 (14 bytes)
1538371570.134486 sending message 105 to peer 0x562535cd2830 (15 bytes)
1538371570.134493 sending message 105 to peer 0x562535cd2830 (8 bytes)
1538371570.134499 sending message 105 to peer 0x562535cd2830 (25 bytes)
1538371570.134506 sending message 105 to peer 0x562535cd2830 (18 bytes)
1538371570.134513 sending message 105 to peer 0x562535cd2830 (44 bytes)
1538371570.134519 sending message 105 to peer 0x562535cd2830 (16 bytes)
1538371570.134526 sending message 105 to peer 0x562535cd2830 (54 bytes)
1538371570.134532 sending message 105 to peer 0x562535cd2830 (31 bytes)
1538371570.134537 sending message 105 to peer 0x562535cd2830 (45 bytes)
1538371570.134541 sending message 105 to peer 0x562535cd2830 (210 bytes)
1538371570.134545 sending message 105 to peer 0x562535cd2830 (30 bytes)
1538371570.134550 sending message 105 to peer 0x562535cd2830 (90 bytes)
1538371570.134554 sending message 105 to peer 0x562535cd2830 (32 bytes)
1538371570.134558 sending message 105 to peer 0x562535cd2830 (19 bytes)
1538371570.134562 sending message 105 to peer 0x562535cd2830 (20 bytes)
1538371570.134571 sending message 105 to peer 0x562535cd2830 (21 bytes)
1538371570.134576 sending message 105 to peer 0x562535cd2830 (16 bytes)
1538371570.134580 sending message 105 to peer 0x562535cd2830 (16 bytes)
1538371570.134584 sending message 106 to peer 0x562535cd2830 (0 bytes)
1538371570.134589 sending message 200 to peer 0x562535cd2830 (4 bytes)
1538371570.134593 client loop enter
1538371570.135987 peer 0x562535cd2830 message 211
1538371570.136012 peer 0x562535cd2830 message 203
1538371570.136019 client loop exit
